<?xml version="1.0" encoding="UTF-8"?>
<TestRun id="94b1515e-c2a2-4928-9af5-1261e8e6ce13" name="Usager@G264-10 2014-09-15 14:27:28" runUser="G264-10\Usager" xmlns="http://microsoft.com/schemas/VisualStudio/TeamTest/2010">
  <TestSettings name="Local" id="2bdc9e53-d10a-47ce-b5c1-e3b18e2ff5c4">
    <Description>Il s'agit des paramètres de test par défaut pour une série de tests locale.</Description>
    <Deployment enabled="false" runDeploymentRoot="Usager_G264-10 2014-09-15 14_27_28">
      <DeploymentItem filename="E:\Session 5\Implantation d'un système informatique\a14-photo-fun\packages\Microsoft.AspNet.WebPages.2.0.30506.0\lib\net40\System.Web.WebPages.dll" />
      <DeploymentItem filename="E:\Session 5\Implantation d'un système informatique\a14-photo-fun\packages\Microsoft.AspNet.WebPages.2.0.30506.0\lib\net40\System.Web.WebPages.Deployment.dll" />
      <DeploymentItem filename="E:\Session 5\Implantation d'un système informatique\a14-photo-fun\PhotoFun\bin\PhotoFun.dll" />
      <DeploymentItem filename="E:\Session 5\Implantation d'un système informatique\a14-photo-fun\packages\PagedList.1.17.0.0\lib\net40\PagedList.dll" />
      <DeploymentItem filename="E:\Session 5\Implantation d'un système informatique\a14-photo-fun\packages\Microsoft.AspNet.Razor.2.0.30506.0\lib\net40\System.Web.Razor.dll" />
      <DeploymentItem filename="E:\Session 5\Implantation d'un système informatique\a14-photo-fun\packages\Microsoft.Web.Infrastructure.1.0.0.0\lib\net40\Microsoft.Web.Infrastructure.dll" />
      <DeploymentItem filename="E:\Session 5\Implantation d'un système informatique\a14-photo-fun\packages\Microsoft.AspNet.WebPages.2.0.30506.0\lib\net40\System.Web.WebPages.Razor.dll" />
      <DeploymentItem filename="E:\Session 5\Implantation d'un système informatique\a14-photo-fun\packages\Microsoft.AspNet.WebPages.2.0.30506.0\lib\net40\System.Web.Helpers.dll" />
      <DeploymentItem filename="E:\Session 5\Implantation d'un système informatique\a14-photo-fun\packages\Microsoft.AspNet.Mvc.4.0.30506.0\lib\net40\System.Web.Mvc.dll" />
      <DeploymentItem filename="E:\Session 5\Implantation d'un système informatique\a14-photo-fun\packages\PagedList.Mvc.4.5.0.0\lib\net40\PagedList.Mvc.dll" />
    </Deployment>
    <Execution>
      <TestTypeSpecific />
      <AgentRule name="Execution Agents">
      </AgentRule>
    </Execution>
  </TestSettings>
  <Times creation="2014-09-15T14:27:28.2395291-04:00" queuing="2014-09-15T14:27:28.4315401-04:00" start="2014-09-15T14:27:28.4505412-04:00" finish="2014-09-15T14:27:30.3486497-04:00" />
  <ResultSummary outcome="Failed">
    <Counters total="1" executed="1" error="0" failed="1" timeout="0" aborted="0" inconclusive="0" passedButRunAborted="0" notRunnable="0" notExecuted="0" disconnected="0" warning="0" passed="0" completed="0" inProgress="0" pending="0" />
  </ResultSummary>
  <TestDefinitions>
    <UnitTest name="TestRetourneAuLoginSiUtilNonConnecteEtVeuxImporter" storage="e:\session 5\implantation d'un système informatique\a14-photo-fun\testphotofun\bin\debug\testphotofun.dll" id="b5affc6c-dd10-b9db-040c-b4669be8aaa0">
      <Execution id="5f15e743-715a-44a7-bc41-9b6917174847" />
      <TestMethod codeBase="E:/Session 5/Implantation d'un système informatique/a14-photo-fun/TestPhotoFun/bin/Debug/TestPhotoFun.DLL" adapterTypeName="Microsoft.VisualStudio.TestTools.TestTypes.Unit.UnitTestAdapter, Microsoft.VisualStudio.QualityTools.Tips.UnitTest.Adapter, Version=10.0.0.0, Culture=neutral, PublicKeyToken=b03f5f7f11d50a3a" className="TestPhotoFun.TestUnitaire, TestPhotoFun, Version=1.0.0.0, Culture=neutral, PublicKeyToken=null" name="TestRetourneAuLoginSiUtilNonConnecteEtVeuxImporter" />
    </UnitTest>
  </TestDefinitions>
  <TestLists>
    <TestList name="Les résultats ne figurent pas dans une liste" id="8c84fa94-04c1-424b-9868-57a2d4851a1d" />
    <TestList name="Tous les résultats chargés" id="19431567-8539-422a-85d7-44ee4e166bda" />
  </TestLists>
  <TestEntries>
    <TestEntry testId="b5affc6c-dd10-b9db-040c-b4669be8aaa0" executionId="5f15e743-715a-44a7-bc41-9b6917174847" testListId="8c84fa94-04c1-424b-9868-57a2d4851a1d" />
  </TestEntries>
  <Results>
    <UnitTestResult executionId="5f15e743-715a-44a7-bc41-9b6917174847" testId="b5affc6c-dd10-b9db-040c-b4669be8aaa0" testName="TestRetourneAuLoginSiUtilNonConnecteEtVeuxImporter" computerName="G264-10" duration="00:00:00.0655757" startTime="2014-09-15T14:27:28.5405463-04:00" endTime="2014-09-15T14:27:30.2726454-04:00" testType="13cdc9d9-ddb5-4fa4-a97d-d965ccfc6d4b" outcome="Failed" testListId="8c84fa94-04c1-424b-9868-57a2d4851a1d" relativeResultsDirectory="5f15e743-715a-44a7-bc41-9b6917174847">
      <Output>
        <ErrorInfo>
          <Message>La méthode de test TestPhotoFun.TestUnitaire.TestRetourneAuLoginSiUtilNonConnecteEtVeuxImporter a levé une exception : 
System.NullReferenceException: La référence d'objet n'est pas définie à une instance d'un objet.</Message>
          <StackTrace>    à PhotoFun.Controllers.HomeController.Importer() dans E:\Session 5\Implantation d'un système informatique\a14-photo-fun\PhotoFun\Controllers\HomeController.cs:ligne 18
   à TestPhotoFun.TestUnitaire.TestRetourneAuLoginSiUtilNonConnecteEtVeuxImporter() dans E:\Session 5\Implantation d'un système informatique\a14-photo-fun\TestPhotoFun\TestUnitaire.cs:ligne 20
</StackTrace>
        </ErrorInfo>
      </Output>
    </UnitTestResult>
  </Results>
</TestRun>